2026-07-15 10:38:40,115  INFO     ============================================================
2026-07-15 10:38:40,115  INFO     Transition Analysis Toolkit
2026-07-15 10:38:40,116  INFO     ============================================================
2026-07-15 10:38:40,117  INFO     Transition Analysis Toolkit 0.1.0
2026-07-15 10:38:40,117  INFO     Project root: C:\Users\115396\Python\transition_analysis
2026-07-15 10:38:40,117  INFO     Starting run_summary.py
2026-07-15 10:38:41,381  INFO     Completed run_summary.py in 1.26 seconds
2026-07-15 10:38:41,382  INFO     Starting run_report.py
2026-07-15 10:38:42,088  INFO     Completed run_report.py in 0.71 seconds
2026-07-15 10:38:42,089  INFO     Starting run_tables.py
2026-07-15 10:38:42,801  INFO     Completed run_tables.py in 0.71 seconds
2026-07-15 10:38:42,801  INFO     Starting run_plots.py
2026-07-15 10:38:50,920  INFO     Completed run_plots.py in 8.12 seconds
2026-07-15 10:38:50,921  INFO     Starting run_statistics.py
2026-07-15 10:38:52,442  INFO     Completed run_statistics.py in 1.52 seconds
2026-07-15 10:38:52,443  INFO     Starting run_models.py
2026-07-15 10:38:56,105  INFO     Completed run_models.py in 3.66 seconds
2026-07-15 10:38:56,105  INFO     Starting run_trees.py
2026-07-15 10:39:01,998  INFO     Completed run_trees.py in 5.89 seconds
2026-07-15 10:39:01,998  INFO     Starting run_forests.py
2026-07-15 10:39:07,313  INFO     Completed run_forests.py in 5.31 seconds
2026-07-15 10:39:07,313  INFO     Starting run_ml_comparison.py
2026-07-15 10:39:12,348  INFO     Completed run_ml_comparison.py in 5.03 seconds
2026-07-15 10:39:12,348  INFO     Analysis complete in 32.23 seconds.
