2026-07-13 15:09:13,809  INFO     ============================================================
2026-07-13 15:09:13,809  INFO     Transition Analysis Toolkit
2026-07-13 15:09:13,810  INFO     ============================================================
2026-07-13 15:09:13,810  INFO     Transition Analysis Toolkit 0.1.0
2026-07-13 15:09:13,810  INFO     Project root: C:\Users\115396\Python\transition_analysis
2026-07-13 15:09:13,811  INFO     Starting run_summary.py
2026-07-13 15:09:14,506  INFO     Completed run_summary.py in 0.69 seconds
2026-07-13 15:09:14,506  INFO     Starting run_report.py
2026-07-13 15:09:15,203  INFO     Completed run_report.py in 0.70 seconds
2026-07-13 15:09:15,204  INFO     Starting run_tables.py
2026-07-13 15:09:15,854  INFO     Completed run_tables.py in 0.65 seconds
2026-07-13 15:09:15,854  INFO     Starting run_plots.py
2026-07-13 15:09:19,952  INFO     Completed run_plots.py in 4.10 seconds
2026-07-13 15:09:19,952  INFO     Starting run_statistics.py
2026-07-13 15:09:21,443  INFO     Completed run_statistics.py in 1.49 seconds
2026-07-13 15:09:21,443  INFO     Starting run_models.py
2026-07-13 15:09:24,805  INFO     Completed run_models.py in 3.36 seconds
2026-07-13 15:09:24,805  INFO     Starting run_trees.py
2026-07-13 15:09:30,030  INFO     Completed run_trees.py in 5.22 seconds
2026-07-13 15:09:30,031  INFO     Starting run_forests.py
2026-07-13 15:09:35,082  INFO     Completed run_forests.py in 5.05 seconds
2026-07-13 15:09:35,083  INFO     Starting run_ml_comparison.py
2026-07-13 15:09:40,087  INFO     Completed run_ml_comparison.py in 5.00 seconds
2026-07-13 15:09:40,087  INFO     Analysis complete in 26.28 seconds.
